[dotenv@17.2.3] injecting env (12) from .env -- tip: ΓÜÖ∩╕Å  load multiple .env files with { path: ['.env.local', '.env'] }
MONGODB_URI from env: mongodb://localhost:27017/urbansole
(node:13596) [MONGOOSE] Warning: Duplicate schema index on {"userId":1} found. This is often due to declaring an index using both "index: true" and "schema.index()". Please remove the duplicate index definition.
(Use `node --trace-warnings ...` to show where the warning was created)
Server running in undefined mode on port 5000
MONGODB CONNECTION FAILED:  MongooseServerSelectionError: connect ECONNREFUSED ::1:27017, connect ECONNREFUSED 127.0.0.1:27017
    at _handleConnectionErrors (E:\shoe-ecommerce\backend\node_modules\mongoose\lib\connection.js:1169:11)
    at NativeConnection.openUri (E:\shoe-ecommerce\backend\node_modules\mongoose\lib\connection.js:1100:11)
    at async connectDB (file:///E:/shoe-ecommerce/backend/src/db/connectDB.js:10:36) {
  errorLabelSet: Set(0) {},
  reason: TopologyDescription {
    type: 'Unknown',
    servers: Map(1) { 'localhost:27017' => [ServerDescription] },
    stale: false,
    compatible: true,
    heartbeatFrequencyMS: 10000,
    localThresholdMS: 15,
    setName: null,
    maxElectionId: null,
    maxSetVersion: null,
    commonWireVersion: 0,
    logicalSessionTimeoutMinutes: null
  },
  code: undefined,
  cause: TopologyDescription {
    type: 'Unknown',
    servers: Map(1) { 'localhost:27017' => [ServerDescription] },
    stale: false,
    compatible: true,
    heartbeatFrequencyMS: 10000,
    localThresholdMS: 15,
    setName: null,
    maxElectionId: null,
    maxSetVersion: null,
    commonWireVersion: 0,
    logicalSessionTimeoutMinutes: null
  }
}
