
> backend@1.0.0 start
> nodemon src/server.js

[33m[nodemon] 3.1.11[39m
[33m[nodemon] to restart at any time, enter `rs`[39m
[33m[nodemon] watching path(s): *.*[39m
[33m[nodemon] watching extensions: js,mjs,cjs,json[39m
[32m[nodemon] starting `node src/server.js`[39m
[dotenv@17.2.3] injecting env (0) from .env -- tip: ≡ƒæÑ sync secrets across teammates & machines: https://dotenvx.com/ops
MONGODB_URI from env: undefined
MONGODB CONNECTION FAILED:  MongoParseError: Invalid scheme, expected connection string to start with "mongodb://" or "mongodb+srv://"
    at new ConnectionString (E:\shoe-ecommerce\backend\node_modules\mongodb-connection-string-url\lib\index.js:86:19)
    at parseOptions (E:\shoe-ecommerce\backend\node_modules\mongodb\lib\connection_string.js:197:17)
    at new MongoClient (E:\shoe-ecommerce\backend\node_modules\mongodb\lib\mongo_client.js:68:61)
    at NativeConnection.createClient (E:\shoe-ecommerce\backend\node_modules\mongoose\lib\drivers\node-mongodb-native\connection.js:343:14)
    at NativeConnection.openUri (E:\shoe-ecommerce\backend\node_modules\mongoose\lib\connection.js:1075:34)
    at Mongoose.connect (E:\shoe-ecommerce\backend\node_modules\mongoose\lib\mongoose.js:450:15)
    at connectDB (file:///E:/shoe-ecommerce/backend/src/db/connectDB.js:10:51)
    at file:///E:/shoe-ecommerce/backend/src/server.js:25:1
    at ModuleJob.run (node:internal/modules/esm/module_job:343:25)
    at process.processTicksAndRejections (node:internal/process/task_queues:105:5)
[31m[nodemon] app crashed - waiting for file changes before starting...[39m
[32m[nodemon] restarting child process[39m
[32m[nodemon] starting `node src/server.js`[39m
[dotenv@17.2.3] injecting env (12) from .env -- tip: ≡ƒöä add secrets lifecycle management: https://dotenvx.com/ops
MONGODB_URI from env: mongodb://localhost:27017/urbansole
(node:12496) [MONGOOSE] Warning: Duplicate schema index on {"userId":1} found. This is often due to declaring an index using both "index: true" and "schema.index()". Please remove the duplicate index definition.
(Use `node --trace-warnings ...` to show where the warning was created)
Server running in undefined mode on port 5000
^C
